<?xml version="1.0" encoding="UTF-8"?>
<!-- Generated by org.testng.reporters.JUnitXMLReporter -->
<testsuite hostname="TunaPC" name="Command line test" tests="4" failures="1" timestamp="11 Sep 2013 15:15:01 GMT" time="0.36" errors="0">
  <testcase name="testSomeMethod" time="0.015" classname="com.tuna.nic.exception.InvalidNICExceptionNGTest">
    <failure type="java.lang.AssertionError" message="The test case is a prototype.">
      <![CDATA[java.lang.AssertionError: The test case is a prototype.
	at com.tuna.nic.exception.InvalidNICExceptionNGTest.testSomeMethod(InvalidNICExceptionNGTest.java:42)
... Removed 35 stack frames]]>
    </failure>
  </testcase> <!-- testSomeMethod -->
  <testcase name="testInterpret_1" time="0.25" classname="com.tuna.nic.NICInterpreterTest"/>
  <testcase name="testInterpret_2" time="0.0" classname="com.tuna.nic.NICInterpreterTest"/>
  <testcase name="testInterpret_3" time="0.0" classname="com.tuna.nic.NICInterpreterTest"/>
</testsuite> <!-- Command line test -->
